{"/home/abikimoz/projects/frontend-project-46/__fixtures__/result.js": {"path":"/home/abikimoz/projects/frontend-project-46/__fixtures__/result.js","all":false,"statementMap":{"0":{"start":{"line":1,"column":0},"end":{"line":1,"column":17}},"1":{"start":{"line":2,"column":0},"end":{"line":2,"column":17}},"2":{"start":{"line":3,"column":0},"end":{"line":3,"column":19}},"3":{"start":{"line":4,"column":0},"end":{"line":4,"column":24}},"4":{"start":{"line":5,"column":0},"end":{"line":5,"column":15}},"5":{"start":{"line":6,"column":0},"end":{"line":6,"column":15}},"6":{"start":{"line":7,"column":0},"end":{"line":7,"column":17}},"7":{"start":{"line":8,"column":0},"end":{"line":8,"column":3}},"8":{"start":{"line":9,"column":0},"end":{"line":9,"column":0}},"9":{"start":{"line":10,"column":0},"end":{"line":10,"column":22}}},"s":{"0":1,"1":1,"2":1,"3":1,"4":1,"5":1,"6":1,"7":1,"8":1,"9":1},"branchMap":{},"b":{},"fnMap":{},"f":{}}
,"/home/abikimoz/projects/frontend-project-46/src/index.js": {"path":"/home/abikimoz/projects/frontend-project-46/src/index.js","all":false,"statementMap":{"0":{"start":{"line":1,"column":0},"end":{"line":1,"column":39}},"1":{"start":{"line":2,"column":0},"end":{"line":2,"column":29}},"2":{"start":{"line":3,"column":0},"end":{"line":3,"column":23}},"3":{"start":{"line":4,"column":0},"end":{"line":4,"column":0}},"4":{"start":{"line":5,"column":0},"end":{"line":5,"column":35}},"5":{"start":{"line":6,"column":0},"end":{"line":6,"column":34}},"6":{"start":{"line":7,"column":0},"end":{"line":7,"column":34}},"7":{"start":{"line":8,"column":0},"end":{"line":8,"column":0}},"8":{"start":{"line":9,"column":0},"end":{"line":9,"column":40}},"9":{"start":{"line":10,"column":0},"end":{"line":10,"column":36}},"10":{"start":{"line":11,"column":0},"end":{"line":11,"column":0}},"11":{"start":{"line":12,"column":0},"end":{"line":12,"column":23}},"12":{"start":{"line":13,"column":0},"end":{"line":13,"column":31}},"13":{"start":{"line":14,"column":0},"end":{"line":14,"column":64}},"14":{"start":{"line":15,"column":0},"end":{"line":15,"column":46}},"15":{"start":{"line":16,"column":0},"end":{"line":16,"column":71}},"16":{"start":{"line":17,"column":0},"end":{"line":17,"column":46}},"17":{"start":{"line":18,"column":0},"end":{"line":18,"column":70}},"18":{"start":{"line":19,"column":0},"end":{"line":19,"column":36}},"19":{"start":{"line":20,"column":0},"end":{"line":20,"column":48}},"20":{"start":{"line":21,"column":0},"end":{"line":21,"column":43}},"21":{"start":{"line":22,"column":0},"end":{"line":22,"column":48}},"22":{"start":{"line":23,"column":0},"end":{"line":23,"column":48}},"23":{"start":{"line":24,"column":0},"end":{"line":24,"column":7}},"24":{"start":{"line":25,"column":0},"end":{"line":25,"column":5}},"25":{"start":{"line":26,"column":0},"end":{"line":26,"column":3}},"26":{"start":{"line":27,"column":0},"end":{"line":27,"column":19}},"27":{"start":{"line":28,"column":0},"end":{"line":28,"column":36}},"28":{"start":{"line":29,"column":0},"end":{"line":29,"column":27}},"29":{"start":{"line":30,"column":0},"end":{"line":30,"column":1}},"30":{"start":{"line":31,"column":0},"end":{"line":31,"column":0}},"31":{"start":{"line":32,"column":0},"end":{"line":32,"column":32}},"32":{"start":{"line":33,"column":0},"end":{"line":33,"column":38}},"33":{"start":{"line":34,"column":0},"end":{"line":34,"column":14}},"34":{"start":{"line":35,"column":0},"end":{"line":35,"column":51}},"35":{"start":{"line":36,"column":0},"end":{"line":36,"column":1}},"36":{"start":{"line":37,"column":0},"end":{"line":37,"column":0}},"37":{"start":{"line":38,"column":0},"end":{"line":38,"column":56}},"38":{"start":{"line":39,"column":0},"end":{"line":39,"column":75}},"39":{"start":{"line":40,"column":0},"end":{"line":40,"column":75}},"40":{"start":{"line":41,"column":0},"end":{"line":41,"column":0}},"41":{"start":{"line":42,"column":0},"end":{"line":42,"column":39}},"42":{"start":{"line":43,"column":0},"end":{"line":43,"column":39}},"43":{"start":{"line":44,"column":0},"end":{"line":44,"column":0}},"44":{"start":{"line":45,"column":0},"end":{"line":45,"column":46}},"45":{"start":{"line":46,"column":0},"end":{"line":46,"column":1}}},"s":{"0":1,"1":1,"2":1,"3":1,"4":1,"5":1,"6":1,"7":1,"8":1,"9":1,"10":1,"11":1,"12":1,"13":5,"14":2,"15":5,"16":1,"17":3,"18":2,"19":1,"20":1,"21":1,"22":1,"23":1,"24":2,"25":5,"26":1,"27":1,"28":1,"29":1,"30":1,"31":2,"32":2,"33":0,"34":2,"35":2,"36":1,"37":1,"38":1,"39":1,"40":1,"41":1,"42":1,"43":1,"44":1,"45":1},"branchMap":{"0":{"type":"branch","line":5,"loc":{"start":{"line":5,"column":0},"end":{"line":30,"column":1}},"locations":[{"start":{"line":5,"column":0},"end":{"line":30,"column":1}}]},"1":{"type":"branch","line":13,"loc":{"start":{"line":13,"column":30},"end":{"line":26,"column":3}},"locations":[{"start":{"line":13,"column":30},"end":{"line":26,"column":3}}]},"2":{"type":"branch","line":14,"loc":{"start":{"line":14,"column":32},"end":{"line":14,"column":61}},"locations":[{"start":{"line":14,"column":32},"end":{"line":14,"column":61}}]},"3":{"type":"branch","line":14,"loc":{"start":{"line":14,"column":63},"end":{"line":16,"column":5}},"locations":[{"start":{"line":14,"column":63},"end":{"line":16,"column":5}}]},"4":{"type":"branch","line":16,"loc":{"start":{"line":16,"column":5},"end":{"line":25,"column":5}},"locations":[{"start":{"line":16,"column":5},"end":{"line":25,"column":5}}]},"5":{"type":"branch","line":16,"loc":{"start":{"line":16,"column":40},"end":{"line":16,"column":68}},"locations":[{"start":{"line":16,"column":40},"end":{"line":16,"column":68}}]},"6":{"type":"branch","line":16,"loc":{"start":{"line":16,"column":70},"end":{"line":18,"column":5}},"locations":[{"start":{"line":16,"column":70},"end":{"line":18,"column":5}}]},"7":{"type":"branch","line":18,"loc":{"start":{"line":18,"column":5},"end":{"line":25,"column":5}},"locations":[{"start":{"line":18,"column":5},"end":{"line":25,"column":5}}]},"8":{"type":"branch","line":19,"loc":{"start":{"line":19,"column":35},"end":{"line":24,"column":7}},"locations":[{"start":{"line":19,"column":35},"end":{"line":24,"column":7}}]},"9":{"type":"branch","line":32,"loc":{"start":{"line":32,"column":0},"end":{"line":36,"column":1}},"locations":[{"start":{"line":32,"column":0},"end":{"line":36,"column":1}}]},"10":{"type":"branch","line":34,"loc":{"start":{"line":34,"column":-1},"end":{"line":34,"column":14}},"locations":[{"start":{"line":34,"column":-1},"end":{"line":34,"column":14}}]},"11":{"type":"branch","line":38,"loc":{"start":{"line":38,"column":15},"end":{"line":46,"column":1}},"locations":[{"start":{"line":38,"column":15},"end":{"line":46,"column":1}}]}},"b":{"0":[1],"1":[5],"2":[4],"3":[2],"4":[3],"5":[1],"6":[1],"7":[2],"8":[1],"9":[2],"10":[0],"11":[1]},"fnMap":{"0":{"name":"generateDiff","decl":{"start":{"line":5,"column":0},"end":{"line":30,"column":1}},"loc":{"start":{"line":5,"column":0},"end":{"line":30,"column":1}},"line":5},"1":{"name":"resolvePath","decl":{"start":{"line":32,"column":0},"end":{"line":36,"column":1}},"loc":{"start":{"line":32,"column":0},"end":{"line":36,"column":1}},"line":32},"2":{"name":"showDiff","decl":{"start":{"line":38,"column":15},"end":{"line":46,"column":1}},"loc":{"start":{"line":38,"column":15},"end":{"line":46,"column":1}},"line":38}},"f":{"0":1,"1":2,"2":1}}
}
