{"/home/abikimoz/projects/frontend-project-46/__fixtures__/resultJSON.js": {"path":"/home/abikimoz/projects/frontend-project-46/__fixtures__/resultJSON.js","all":false,"statementMap":{"0":{"start":{"line":1,"column":0},"end":{"line":1,"column":1050}},"1":{"start":{"line":2,"column":0},"end":{"line":2,"column":0}},"2":{"start":{"line":3,"column":0},"end":{"line":3,"column":26}}},"s":{"0":1,"1":1,"2":1},"branchMap":{},"b":{},"fnMap":{},"f":{}}
,"/home/abikimoz/projects/frontend-project-46/__fixtures__/resultPlain.js": {"path":"/home/abikimoz/projects/frontend-project-46/__fixtures__/resultPlain.js","all":false,"statementMap":{"0":{"start":{"line":1,"column":0},"end":{"line":1,"column":46}},"1":{"start":{"line":2,"column":0},"end":{"line":2,"column":19}},"2":{"start":{"line":3,"column":0},"end":{"line":3,"column":53}},"3":{"start":{"line":4,"column":0},"end":{"line":4,"column":38}},"4":{"start":{"line":5,"column":0},"end":{"line":5,"column":57}},"5":{"start":{"line":6,"column":0},"end":{"line":6,"column":60}},"6":{"start":{"line":7,"column":0},"end":{"line":7,"column":64}},"7":{"start":{"line":8,"column":0},"end":{"line":8,"column":69}},"8":{"start":{"line":9,"column":0},"end":{"line":9,"column":59}},"9":{"start":{"line":10,"column":0},"end":{"line":10,"column":55}},"10":{"start":{"line":11,"column":0},"end":{"line":11,"column":65}},"11":{"start":{"line":12,"column":0},"end":{"line":12,"column":29}},"12":{"start":{"line":13,"column":0},"end":{"line":13,"column":57}},"13":{"start":{"line":14,"column":0},"end":{"line":14,"column":0}},"14":{"start":{"line":15,"column":0},"end":{"line":15,"column":27}}},"s":{"0":1,"1":1,"2":1,"3":1,"4":1,"5":1,"6":1,"7":1,"8":1,"9":1,"10":1,"11":1,"12":1,"13":1,"14":1},"branchMap":{},"b":{},"fnMap":{},"f":{}}
,"/home/abikimoz/projects/frontend-project-46/__fixtures__/resultStylish.js": {"path":"/home/abikimoz/projects/frontend-project-46/__fixtures__/resultStylish.js","all":false,"statementMap":{"0":{"start":{"line":1,"column":0},"end":{"line":1,"column":46}},"1":{"start":{"line":2,"column":0},"end":{"line":2,"column":21}},"2":{"start":{"line":3,"column":0},"end":{"line":3,"column":4}},"3":{"start":{"line":4,"column":0},"end":{"line":4,"column":13}},"4":{"start":{"line":5,"column":0},"end":{"line":5,"column":21}},"5":{"start":{"line":6,"column":0},"end":{"line":6,"column":25}},"6":{"start":{"line":7,"column":0},"end":{"line":7,"column":21}},"7":{"start":{"line":8,"column":0},"end":{"line":8,"column":22}},"8":{"start":{"line":9,"column":0},"end":{"line":9,"column":22}},"9":{"start":{"line":10,"column":0},"end":{"line":10,"column":27}},"10":{"start":{"line":11,"column":0},"end":{"line":11,"column":19}},"11":{"start":{"line":12,"column":0},"end":{"line":12,"column":24}},"12":{"start":{"line":13,"column":0},"end":{"line":13,"column":9}},"13":{"start":{"line":14,"column":0},"end":{"line":14,"column":19}},"14":{"start":{"line":15,"column":0},"end":{"line":15,"column":19}},"15":{"start":{"line":16,"column":0},"end":{"line":16,"column":21}},"16":{"start":{"line":17,"column":0},"end":{"line":17,"column":28}},"17":{"start":{"line":18,"column":0},"end":{"line":18,"column":13}},"18":{"start":{"line":19,"column":0},"end":{"line":19,"column":22}},"19":{"start":{"line":20,"column":0},"end":{"line":20,"column":21}},"20":{"start":{"line":21,"column":0},"end":{"line":21,"column":9}},"21":{"start":{"line":22,"column":0},"end":{"line":22,"column":5}},"22":{"start":{"line":23,"column":0},"end":{"line":23,"column":13}},"23":{"start":{"line":24,"column":0},"end":{"line":24,"column":16}},"24":{"start":{"line":25,"column":0},"end":{"line":25,"column":17}},"25":{"start":{"line":26,"column":0},"end":{"line":26,"column":16}},"26":{"start":{"line":27,"column":0},"end":{"line":27,"column":15}},"27":{"start":{"line":28,"column":0},"end":{"line":28,"column":22}},"28":{"start":{"line":29,"column":0},"end":{"line":29,"column":9}},"29":{"start":{"line":30,"column":0},"end":{"line":30,"column":17}},"30":{"start":{"line":31,"column":0},"end":{"line":31,"column":5}},"31":{"start":{"line":32,"column":0},"end":{"line":32,"column":13}},"32":{"start":{"line":33,"column":0},"end":{"line":33,"column":18}},"33":{"start":{"line":34,"column":0},"end":{"line":34,"column":15}},"34":{"start":{"line":35,"column":0},"end":{"line":35,"column":18}},"35":{"start":{"line":36,"column":0},"end":{"line":36,"column":9}},"36":{"start":{"line":37,"column":0},"end":{"line":37,"column":5}},"37":{"start":{"line":38,"column":0},"end":{"line":38,"column":13}},"38":{"start":{"line":39,"column":0},"end":{"line":39,"column":15}},"39":{"start":{"line":40,"column":0},"end":{"line":40,"column":17}},"40":{"start":{"line":41,"column":0},"end":{"line":41,"column":26}},"41":{"start":{"line":42,"column":0},"end":{"line":42,"column":13}},"42":{"start":{"line":43,"column":0},"end":{"line":43,"column":9}},"43":{"start":{"line":44,"column":0},"end":{"line":44,"column":19}},"44":{"start":{"line":45,"column":0},"end":{"line":45,"column":5}},"45":{"start":{"line":46,"column":0},"end":{"line":46,"column":3}},"46":{"start":{"line":47,"column":0},"end":{"line":47,"column":0}},"47":{"start":{"line":48,"column":0},"end":{"line":48,"column":29}}},"s":{"0":1,"1":1,"2":1,"3":1,"4":1,"5":1,"6":1,"7":1,"8":1,"9":1,"10":1,"11":1,"12":1,"13":1,"14":1,"15":1,"16":1,"17":1,"18":1,"19":1,"20":1,"21":1,"22":1,"23":1,"24":1,"25":1,"26":1,"27":1,"28":1,"29":1,"30":1,"31":1,"32":1,"33":1,"34":1,"35":1,"36":1,"37":1,"38":1,"39":1,"40":1,"41":1,"42":1,"43":1,"44":1,"45":1,"46":1,"47":1},"branchMap":{},"b":{},"fnMap":{},"f":{}}
,"/home/abikimoz/projects/frontend-project-46/src/buildAST.js": {"path":"/home/abikimoz/projects/frontend-project-46/src/buildAST.js","all":false,"statementMap":{"0":{"start":{"line":1,"column":0},"end":{"line":1,"column":23}},"1":{"start":{"line":2,"column":0},"end":{"line":2,"column":0}},"2":{"start":{"line":3,"column":0},"end":{"line":3,"column":36}},"3":{"start":{"line":4,"column":0},"end":{"line":4,"column":34}},"4":{"start":{"line":5,"column":0},"end":{"line":5,"column":34}},"5":{"start":{"line":6,"column":0},"end":{"line":6,"column":61}},"6":{"start":{"line":7,"column":0},"end":{"line":7,"column":0}},"7":{"start":{"line":8,"column":0},"end":{"line":8,"column":44}},"8":{"start":{"line":9,"column":0},"end":{"line":9,"column":29}},"9":{"start":{"line":10,"column":0},"end":{"line":10,"column":14}},"10":{"start":{"line":11,"column":0},"end":{"line":11,"column":22}},"11":{"start":{"line":12,"column":0},"end":{"line":12,"column":12}},"12":{"start":{"line":13,"column":0},"end":{"line":13,"column":26}},"13":{"start":{"line":14,"column":0},"end":{"line":14,"column":8}},"14":{"start":{"line":15,"column":0},"end":{"line":15,"column":5}},"15":{"start":{"line":16,"column":0},"end":{"line":16,"column":29}},"16":{"start":{"line":17,"column":0},"end":{"line":17,"column":14}},"17":{"start":{"line":18,"column":0},"end":{"line":18,"column":24}},"18":{"start":{"line":19,"column":0},"end":{"line":19,"column":12}},"19":{"start":{"line":20,"column":0},"end":{"line":20,"column":26}},"20":{"start":{"line":21,"column":0},"end":{"line":21,"column":8}},"21":{"start":{"line":22,"column":0},"end":{"line":22,"column":5}},"22":{"start":{"line":23,"column":0},"end":{"line":23,"column":69}},"23":{"start":{"line":24,"column":0},"end":{"line":24,"column":14}},"24":{"start":{"line":25,"column":0},"end":{"line":25,"column":23}},"25":{"start":{"line":26,"column":0},"end":{"line":26,"column":12}},"26":{"start":{"line":27,"column":0},"end":{"line":27,"column":51}},"27":{"start":{"line":28,"column":0},"end":{"line":28,"column":8}},"28":{"start":{"line":29,"column":0},"end":{"line":29,"column":5}},"29":{"start":{"line":30,"column":0},"end":{"line":30,"column":44}},"30":{"start":{"line":31,"column":0},"end":{"line":31,"column":14}},"31":{"start":{"line":32,"column":0},"end":{"line":32,"column":26}},"32":{"start":{"line":33,"column":0},"end":{"line":33,"column":12}},"33":{"start":{"line":34,"column":0},"end":{"line":34,"column":26}},"34":{"start":{"line":35,"column":0},"end":{"line":35,"column":8}},"35":{"start":{"line":36,"column":0},"end":{"line":36,"column":5}},"36":{"start":{"line":37,"column":0},"end":{"line":37,"column":12}},"37":{"start":{"line":38,"column":0},"end":{"line":38,"column":22}},"38":{"start":{"line":39,"column":0},"end":{"line":39,"column":10}},"39":{"start":{"line":40,"column":0},"end":{"line":40,"column":24}},"40":{"start":{"line":41,"column":0},"end":{"line":41,"column":25}},"41":{"start":{"line":42,"column":0},"end":{"line":42,"column":6}},"42":{"start":{"line":43,"column":0},"end":{"line":43,"column":5}},"43":{"start":{"line":44,"column":0},"end":{"line":44,"column":18}},"44":{"start":{"line":45,"column":0},"end":{"line":45,"column":2}},"45":{"start":{"line":46,"column":0},"end":{"line":46,"column":0}},"46":{"start":{"line":47,"column":0},"end":{"line":47,"column":46}},"47":{"start":{"line":48,"column":0},"end":{"line":48,"column":15}},"48":{"start":{"line":49,"column":0},"end":{"line":49,"column":35}},"49":{"start":{"line":50,"column":0},"end":{"line":50,"column":3}},"50":{"start":{"line":51,"column":0},"end":{"line":51,"column":0}},"51":{"start":{"line":52,"column":0},"end":{"line":52,"column":33}}},"s":{"0":1,"1":1,"2":1,"3":45,"4":45,"5":45,"6":45,"7":45,"8":162,"9":45,"10":45,"11":45,"12":45,"13":45,"14":45,"15":162,"16":18,"17":18,"18":18,"19":18,"20":18,"21":18,"22":162,"23":36,"24":36,"25":36,"26":36,"27":36,"28":36,"29":162,"30":27,"31":27,"32":27,"33":27,"34":27,"35":27,"36":36,"37":36,"38":36,"39":36,"40":36,"41":36,"42":45,"43":45,"44":45,"45":1,"46":1,"47":9,"48":9,"49":1,"50":1,"51":1},"branchMap":{"0":{"type":"branch","line":3,"loc":{"start":{"line":3,"column":17},"end":{"line":45,"column":2}},"locations":[{"start":{"line":3,"column":17},"end":{"line":45,"column":2}}]},"1":{"type":"branch","line":8,"loc":{"start":{"line":8,"column":35},"end":{"line":43,"column":3}},"locations":[{"start":{"line":8,"column":35},"end":{"line":43,"column":3}}]},"2":{"type":"branch","line":9,"loc":{"start":{"line":9,"column":28},"end":{"line":15,"column":5}},"locations":[{"start":{"line":9,"column":28},"end":{"line":15,"column":5}}]},"3":{"type":"branch","line":15,"loc":{"start":{"line":15,"column":4},"end":{"line":16,"column":28}},"locations":[{"start":{"line":15,"column":4},"end":{"line":16,"column":28}}]},"4":{"type":"branch","line":16,"loc":{"start":{"line":16,"column":28},"end":{"line":22,"column":5}},"locations":[{"start":{"line":16,"column":28},"end":{"line":22,"column":5}}]},"5":{"type":"branch","line":22,"loc":{"start":{"line":22,"column":4},"end":{"line":23,"column":39}},"locations":[{"start":{"line":22,"column":4},"end":{"line":23,"column":39}}]},"6":{"type":"branch","line":23,"loc":{"start":{"line":23,"column":35},"end":{"line":23,"column":66}},"locations":[{"start":{"line":23,"column":35},"end":{"line":23,"column":66}}]},"7":{"type":"branch","line":23,"loc":{"start":{"line":23,"column":68},"end":{"line":29,"column":5}},"locations":[{"start":{"line":23,"column":68},"end":{"line":29,"column":5}}]},"8":{"type":"branch","line":29,"loc":{"start":{"line":29,"column":4},"end":{"line":30,"column":43}},"locations":[{"start":{"line":29,"column":4},"end":{"line":30,"column":43}}]},"9":{"type":"branch","line":30,"loc":{"start":{"line":30,"column":43},"end":{"line":36,"column":5}},"locations":[{"start":{"line":30,"column":43},"end":{"line":36,"column":5}}]},"10":{"type":"branch","line":36,"loc":{"start":{"line":36,"column":4},"end":{"line":43,"column":3}},"locations":[{"start":{"line":36,"column":4},"end":{"line":43,"column":3}}]},"11":{"type":"branch","line":47,"loc":{"start":{"line":47,"column":26},"end":{"line":50,"column":2}},"locations":[{"start":{"line":47,"column":26},"end":{"line":50,"column":2}}]}},"b":{"0":[45],"1":[162],"2":[45],"3":[117],"4":[18],"5":[99],"6":[45],"7":[36],"8":[63],"9":[27],"10":[36],"11":[9]},"fnMap":{"0":{"name":"buildAST","decl":{"start":{"line":3,"column":17},"end":{"line":45,"column":2}},"loc":{"start":{"line":3,"column":17},"end":{"line":45,"column":2}},"line":3},"1":{"name":"getDifferenceTree","decl":{"start":{"line":47,"column":26},"end":{"line":50,"column":2}},"loc":{"start":{"line":47,"column":26},"end":{"line":50,"column":2}},"line":47}},"f":{"0":45,"1":9}}
,"/home/abikimoz/projects/frontend-project-46/src/index.js": {"path":"/home/abikimoz/projects/frontend-project-46/src/index.js","all":false,"statementMap":{"0":{"start":{"line":1,"column":0},"end":{"line":1,"column":29}},"1":{"start":{"line":2,"column":0},"end":{"line":2,"column":34}},"2":{"start":{"line":3,"column":0},"end":{"line":3,"column":37}},"3":{"start":{"line":4,"column":0},"end":{"line":4,"column":46}},"4":{"start":{"line":5,"column":0},"end":{"line":5,"column":0}},"5":{"start":{"line":6,"column":0},"end":{"line":6,"column":68}},"6":{"start":{"line":7,"column":0},"end":{"line":7,"column":41}},"7":{"start":{"line":8,"column":0},"end":{"line":8,"column":61}},"8":{"start":{"line":9,"column":0},"end":{"line":9,"column":2}},"9":{"start":{"line":10,"column":0},"end":{"line":10,"column":0}},"10":{"start":{"line":11,"column":0},"end":{"line":11,"column":76}},"11":{"start":{"line":12,"column":0},"end":{"line":12,"column":39}},"12":{"start":{"line":13,"column":0},"end":{"line":13,"column":39}},"13":{"start":{"line":14,"column":0},"end":{"line":14,"column":0}},"14":{"start":{"line":15,"column":0},"end":{"line":15,"column":29}},"15":{"start":{"line":16,"column":0},"end":{"line":16,"column":29}},"16":{"start":{"line":17,"column":0},"end":{"line":17,"column":0}},"17":{"start":{"line":18,"column":0},"end":{"line":18,"column":35}},"18":{"start":{"line":19,"column":0},"end":{"line":19,"column":32}},"19":{"start":{"line":20,"column":0},"end":{"line":20,"column":1}}},"s":{"0":1,"1":1,"2":1,"3":1,"4":1,"5":1,"6":18,"7":0,"8":1,"9":1,"10":1,"11":9,"12":9,"13":9,"14":9,"15":9,"16":9,"17":9,"18":9,"19":9},"branchMap":{"0":{"type":"branch","line":6,"loc":{"start":{"line":6,"column":21},"end":{"line":8,"column":61}},"locations":[{"start":{"line":6,"column":21},"end":{"line":8,"column":61}}]},"1":{"type":"branch","line":8,"loc":{"start":{"line":8,"column":-1},"end":{"line":8,"column":61}},"locations":[{"start":{"line":8,"column":-1},"end":{"line":8,"column":61}}]},"2":{"type":"branch","line":11,"loc":{"start":{"line":11,"column":15},"end":{"line":20,"column":1}},"locations":[{"start":{"line":11,"column":15},"end":{"line":20,"column":1}}]}},"b":{"0":[18],"1":[0],"2":[9]},"fnMap":{"0":{"name":"resolvePath","decl":{"start":{"line":6,"column":21},"end":{"line":8,"column":61}},"loc":{"start":{"line":6,"column":21},"end":{"line":8,"column":61}},"line":6},"1":{"name":"showDiff","decl":{"start":{"line":11,"column":15},"end":{"line":20,"column":1}},"loc":{"start":{"line":11,"column":15},"end":{"line":20,"column":1}},"line":11}},"f":{"0":18,"1":9}}
,"/home/abikimoz/projects/frontend-project-46/src/parsers.js": {"path":"/home/abikimoz/projects/frontend-project-46/src/parsers.js","all":false,"statementMap":{"0":{"start":{"line":1,"column":0},"end":{"line":1,"column":29}},"1":{"start":{"line":2,"column":0},"end":{"line":2,"column":27}},"2":{"start":{"line":3,"column":0},"end":{"line":3,"column":39}},"3":{"start":{"line":4,"column":0},"end":{"line":4,"column":0}},"4":{"start":{"line":5,"column":0},"end":{"line":5,"column":58}},"5":{"start":{"line":6,"column":0},"end":{"line":6,"column":54}},"6":{"start":{"line":7,"column":0},"end":{"line":7,"column":30}},"7":{"start":{"line":8,"column":0},"end":{"line":8,"column":33}},"8":{"start":{"line":9,"column":0},"end":{"line":9,"column":39}},"9":{"start":{"line":10,"column":0},"end":{"line":10,"column":30}},"10":{"start":{"line":11,"column":0},"end":{"line":11,"column":48}},"11":{"start":{"line":12,"column":0},"end":{"line":12,"column":50}},"12":{"start":{"line":13,"column":0},"end":{"line":13,"column":2}},"13":{"start":{"line":14,"column":0},"end":{"line":14,"column":0}},"14":{"start":{"line":15,"column":0},"end":{"line":15,"column":22}}},"s":{"0":1,"1":1,"2":1,"3":1,"4":1,"5":1,"6":1,"7":18,"8":18,"9":18,"10":12,"11":18,"12":18,"13":1,"14":1},"branchMap":{"0":{"type":"branch","line":5,"loc":{"start":{"line":5,"column":22},"end":{"line":5,"column":57}},"locations":[{"start":{"line":5,"column":22},"end":{"line":5,"column":57}}]},"1":{"type":"branch","line":6,"loc":{"start":{"line":6,"column":17},"end":{"line":6,"column":53}},"locations":[{"start":{"line":6,"column":17},"end":{"line":6,"column":53}}]},"2":{"type":"branch","line":7,"loc":{"start":{"line":7,"column":16},"end":{"line":13,"column":2}},"locations":[{"start":{"line":7,"column":16},"end":{"line":13,"column":2}}]},"3":{"type":"branch","line":11,"loc":{"start":{"line":11,"column":-1},"end":{"line":11,"column":48}},"locations":[{"start":{"line":11,"column":-1},"end":{"line":11,"column":48}}]},"4":{"type":"branch","line":12,"loc":{"start":{"line":12,"column":-1},"end":{"line":12,"column":49}},"locations":[{"start":{"line":12,"column":-1},"end":{"line":12,"column":49}}]}},"b":{"0":[18],"1":[18],"2":[18],"3":[12],"4":[6]},"fnMap":{"0":{"name":"getExtension","decl":{"start":{"line":5,"column":22},"end":{"line":5,"column":57}},"loc":{"start":{"line":5,"column":22},"end":{"line":5,"column":57}},"line":5},"1":{"name":"getName","decl":{"start":{"line":6,"column":17},"end":{"line":6,"column":53}},"loc":{"start":{"line":6,"column":17},"end":{"line":6,"column":53}},"line":6},"2":{"name":"parser","decl":{"start":{"line":7,"column":16},"end":{"line":13,"column":2}},"loc":{"start":{"line":7,"column":16},"end":{"line":13,"column":2}},"line":7}},"f":{"0":18,"1":18,"2":18}}
,"/home/abikimoz/projects/frontend-project-46/src/formatters/index.js": {"path":"/home/abikimoz/projects/frontend-project-46/src/formatters/index.js","all":false,"statementMap":{"0":{"start":{"line":1,"column":0},"end":{"line":1,"column":35}},"1":{"start":{"line":2,"column":0},"end":{"line":2,"column":39}},"2":{"start":{"line":3,"column":0},"end":{"line":3,"column":0}},"3":{"start":{"line":4,"column":0},"end":{"line":4,"column":49}},"4":{"start":{"line":5,"column":0},"end":{"line":5,"column":19}},"5":{"start":{"line":6,"column":0},"end":{"line":6,"column":19}},"6":{"start":{"line":7,"column":0},"end":{"line":7,"column":31}},"7":{"start":{"line":8,"column":0},"end":{"line":8,"column":17}},"8":{"start":{"line":9,"column":0},"end":{"line":9,"column":29}},"9":{"start":{"line":10,"column":0},"end":{"line":10,"column":16}},"10":{"start":{"line":11,"column":0},"end":{"line":11,"column":34}},"11":{"start":{"line":12,"column":0},"end":{"line":12,"column":12}},"12":{"start":{"line":13,"column":0},"end":{"line":13,"column":40}},"13":{"start":{"line":14,"column":0},"end":{"line":14,"column":3}},"14":{"start":{"line":15,"column":0},"end":{"line":15,"column":1}}},"s":{"0":1,"1":1,"2":1,"3":1,"4":9,"5":9,"6":3,"7":9,"8":3,"9":9,"10":3,"11":9,"12":0,"13":9,"14":9},"branchMap":{"0":{"type":"branch","line":4,"loc":{"start":{"line":4,"column":15},"end":{"line":15,"column":1}},"locations":[{"start":{"line":4,"column":15},"end":{"line":15,"column":1}}]},"1":{"type":"branch","line":6,"loc":{"start":{"line":6,"column":4},"end":{"line":7,"column":31}},"locations":[{"start":{"line":6,"column":4},"end":{"line":7,"column":31}}]},"2":{"type":"branch","line":8,"loc":{"start":{"line":8,"column":4},"end":{"line":9,"column":29}},"locations":[{"start":{"line":8,"column":4},"end":{"line":9,"column":29}}]},"3":{"type":"branch","line":10,"loc":{"start":{"line":10,"column":4},"end":{"line":11,"column":34}},"locations":[{"start":{"line":10,"column":4},"end":{"line":11,"column":34}}]},"4":{"type":"branch","line":12,"loc":{"start":{"line":12,"column":4},"end":{"line":13,"column":40}},"locations":[{"start":{"line":12,"column":4},"end":{"line":13,"column":40}}]}},"b":{"0":[9],"1":[3],"2":[3],"3":[3],"4":[0]},"fnMap":{"0":{"name":"formatter","decl":{"start":{"line":4,"column":15},"end":{"line":15,"column":1}},"loc":{"start":{"line":4,"column":15},"end":{"line":15,"column":1}},"line":4}},"f":{"0":9}}
,"/home/abikimoz/projects/frontend-project-46/src/formatters/plain.js": {"path":"/home/abikimoz/projects/frontend-project-46/src/formatters/plain.js","all":false,"statementMap":{"0":{"start":{"line":1,"column":0},"end":{"line":1,"column":23}},"1":{"start":{"line":2,"column":0},"end":{"line":2,"column":0}},"2":{"start":{"line":3,"column":0},"end":{"line":3,"column":58}},"3":{"start":{"line":4,"column":0},"end":{"line":4,"column":0}},"4":{"start":{"line":5,"column":0},"end":{"line":5,"column":29}},"5":{"start":{"line":6,"column":0},"end":{"line":6,"column":25}},"6":{"start":{"line":7,"column":0},"end":{"line":7,"column":20}},"7":{"start":{"line":8,"column":0},"end":{"line":8,"column":49}},"8":{"start":{"line":9,"column":0},"end":{"line":9,"column":5}},"9":{"start":{"line":10,"column":0},"end":{"line":10,"column":20}},"10":{"start":{"line":11,"column":0},"end":{"line":11,"column":26}},"11":{"start":{"line":12,"column":0},"end":{"line":12,"column":5}},"12":{"start":{"line":13,"column":0},"end":{"line":13,"column":14}},"13":{"start":{"line":14,"column":0},"end":{"line":14,"column":24}},"14":{"start":{"line":15,"column":0},"end":{"line":15,"column":5}},"15":{"start":{"line":16,"column":0},"end":{"line":16,"column":3}},"16":{"start":{"line":17,"column":0},"end":{"line":17,"column":2}},"17":{"start":{"line":18,"column":0},"end":{"line":18,"column":0}},"18":{"start":{"line":19,"column":0},"end":{"line":19,"column":37}},"19":{"start":{"line":20,"column":0},"end":{"line":20,"column":52}},"20":{"start":{"line":21,"column":0},"end":{"line":21,"column":51}},"21":{"start":{"line":22,"column":0},"end":{"line":22,"column":25}},"22":{"start":{"line":23,"column":0},"end":{"line":23,"column":22}},"23":{"start":{"line":24,"column":0},"end":{"line":24,"column":49}},"24":{"start":{"line":25,"column":0},"end":{"line":25,"column":7}},"25":{"start":{"line":26,"column":0},"end":{"line":26,"column":21}},"26":{"start":{"line":27,"column":0},"end":{"line":27,"column":90}},"27":{"start":{"line":28,"column":0},"end":{"line":28,"column":7}},"28":{"start":{"line":29,"column":0},"end":{"line":29,"column":23}},"29":{"start":{"line":30,"column":0},"end":{"line":30,"column":55}},"30":{"start":{"line":31,"column":0},"end":{"line":31,"column":7}},"31":{"start":{"line":32,"column":0},"end":{"line":32,"column":23}},"32":{"start":{"line":33,"column":0},"end":{"line":33,"column":115}},"33":{"start":{"line":34,"column":0},"end":{"line":34,"column":7}},"34":{"start":{"line":35,"column":0},"end":{"line":35,"column":25}},"35":{"start":{"line":36,"column":0},"end":{"line":36,"column":20}},"36":{"start":{"line":37,"column":0},"end":{"line":37,"column":7}},"37":{"start":{"line":38,"column":0},"end":{"line":38,"column":16}},"38":{"start":{"line":39,"column":0},"end":{"line":39,"column":38}},"39":{"start":{"line":40,"column":0},"end":{"line":40,"column":7}},"40":{"start":{"line":41,"column":0},"end":{"line":41,"column":5}},"41":{"start":{"line":42,"column":0},"end":{"line":42,"column":5}},"42":{"start":{"line":43,"column":0},"end":{"line":43,"column":33}},"43":{"start":{"line":44,"column":0},"end":{"line":44,"column":1}},"44":{"start":{"line":45,"column":0},"end":{"line":45,"column":0}},"45":{"start":{"line":46,"column":0},"end":{"line":46,"column":41}},"46":{"start":{"line":47,"column":0},"end":{"line":47,"column":37}},"47":{"start":{"line":48,"column":0},"end":{"line":48,"column":40}},"48":{"start":{"line":49,"column":0},"end":{"line":49,"column":46}},"49":{"start":{"line":50,"column":0},"end":{"line":50,"column":29}},"50":{"start":{"line":51,"column":0},"end":{"line":51,"column":1}}},"s":{"0":1,"1":1,"2":1,"3":1,"4":1,"5":39,"6":39,"7":12,"8":12,"9":39,"10":21,"11":21,"12":39,"13":6,"14":6,"15":39,"16":39,"17":1,"18":1,"19":3,"20":54,"21":54,"22":54,"23":12,"24":12,"25":54,"26":15,"27":15,"28":54,"29":6,"30":6,"31":54,"32":12,"33":12,"34":54,"35":9,"36":9,"37":54,"38":0,"39":0,"40":54,"41":3,"42":3,"43":3,"44":1,"45":1,"46":3,"47":3,"48":3,"49":3,"50":3},"branchMap":{"0":{"type":"branch","line":3,"loc":{"start":{"line":3,"column":17},"end":{"line":3,"column":57}},"locations":[{"start":{"line":3,"column":17},"end":{"line":3,"column":57}}]},"1":{"type":"branch","line":5,"loc":{"start":{"line":5,"column":18},"end":{"line":17,"column":2}},"locations":[{"start":{"line":5,"column":18},"end":{"line":17,"column":2}}]},"2":{"type":"branch","line":7,"loc":{"start":{"line":7,"column":4},"end":{"line":9,"column":5}},"locations":[{"start":{"line":7,"column":4},"end":{"line":9,"column":5}}]},"3":{"type":"branch","line":8,"loc":{"start":{"line":8,"column":19},"end":{"line":8,"column":28}},"locations":[{"start":{"line":8,"column":19},"end":{"line":8,"column":28}}]},"4":{"type":"branch","line":8,"loc":{"start":{"line":8,"column":28},"end":{"line":8,"column":48}},"locations":[{"start":{"line":8,"column":28},"end":{"line":8,"column":48}}]},"5":{"type":"branch","line":10,"loc":{"start":{"line":10,"column":4},"end":{"line":12,"column":5}},"locations":[{"start":{"line":10,"column":4},"end":{"line":12,"column":5}}]},"6":{"type":"branch","line":13,"loc":{"start":{"line":13,"column":4},"end":{"line":15,"column":5}},"locations":[{"start":{"line":13,"column":4},"end":{"line":15,"column":5}}]},"7":{"type":"branch","line":19,"loc":{"start":{"line":19,"column":7},"end":{"line":44,"column":1}},"locations":[{"start":{"line":19,"column":7},"end":{"line":44,"column":1}}]},"8":{"type":"branch","line":20,"loc":{"start":{"line":20,"column":15},"end":{"line":42,"column":4}},"locations":[{"start":{"line":20,"column":15},"end":{"line":42,"column":4}}]},"9":{"type":"branch","line":20,"loc":{"start":{"line":20,"column":41},"end":{"line":42,"column":3}},"locations":[{"start":{"line":20,"column":41},"end":{"line":42,"column":3}}]},"10":{"type":"branch","line":23,"loc":{"start":{"line":23,"column":6},"end":{"line":25,"column":7}},"locations":[{"start":{"line":23,"column":6},"end":{"line":25,"column":7}}]},"11":{"type":"branch","line":26,"loc":{"start":{"line":26,"column":6},"end":{"line":28,"column":7}},"locations":[{"start":{"line":26,"column":6},"end":{"line":28,"column":7}}]},"12":{"type":"branch","line":29,"loc":{"start":{"line":29,"column":6},"end":{"line":31,"column":7}},"locations":[{"start":{"line":29,"column":6},"end":{"line":31,"column":7}}]},"13":{"type":"branch","line":32,"loc":{"start":{"line":32,"column":6},"end":{"line":34,"column":7}},"locations":[{"start":{"line":32,"column":6},"end":{"line":34,"column":7}}]},"14":{"type":"branch","line":35,"loc":{"start":{"line":35,"column":6},"end":{"line":37,"column":7}},"locations":[{"start":{"line":35,"column":6},"end":{"line":37,"column":7}}]},"15":{"type":"branch","line":38,"loc":{"start":{"line":38,"column":6},"end":{"line":40,"column":7}},"locations":[{"start":{"line":38,"column":6},"end":{"line":40,"column":7}}]},"16":{"type":"branch","line":46,"loc":{"start":{"line":46,"column":15},"end":{"line":51,"column":1}},"locations":[{"start":{"line":46,"column":15},"end":{"line":51,"column":1}}]},"17":{"type":"branch","line":49,"loc":{"start":{"line":49,"column":35},"end":{"line":49,"column":44}},"locations":[{"start":{"line":49,"column":35},"end":{"line":49,"column":44}}]}},"b":{"0":[54],"1":[39],"2":[12],"3":[3],"4":[9],"5":[21],"6":[6],"7":[3],"8":[15],"9":[54],"10":[12],"11":[15],"12":[6],"13":[12],"14":[9],"15":[0],"16":[3],"17":[42]},"fnMap":{"0":{"name":"getPath","decl":{"start":{"line":3,"column":17},"end":{"line":3,"column":57}},"loc":{"start":{"line":3,"column":17},"end":{"line":3,"column":57}},"line":3},"1":{"name":"checkVal","decl":{"start":{"line":5,"column":18},"end":{"line":17,"column":2}},"loc":{"start":{"line":5,"column":18},"end":{"line":17,"column":2}},"line":5},"2":{"name":"makePlainDiff","decl":{"start":{"line":19,"column":7},"end":{"line":44,"column":1}},"loc":{"start":{"line":19,"column":7},"end":{"line":44,"column":1}},"line":19},"3":{"name":"iter","decl":{"start":{"line":20,"column":15},"end":{"line":42,"column":4}},"loc":{"start":{"line":20,"column":15},"end":{"line":42,"column":4}},"line":20},"4":{"name":"makePlain","decl":{"start":{"line":46,"column":15},"end":{"line":51,"column":1}},"loc":{"start":{"line":46,"column":15},"end":{"line":51,"column":1}},"line":46}},"f":{"0":54,"1":39,"2":3,"3":15,"4":3}}
,"/home/abikimoz/projects/frontend-project-46/src/formatters/stylish.js": {"path":"/home/abikimoz/projects/frontend-project-46/src/formatters/stylish.js","all":false,"statementMap":{"0":{"start":{"line":1,"column":0},"end":{"line":1,"column":23}},"1":{"start":{"line":2,"column":0},"end":{"line":2,"column":0}},"2":{"start":{"line":3,"column":0},"end":{"line":3,"column":19}},"3":{"start":{"line":4,"column":0},"end":{"line":4,"column":21}},"4":{"start":{"line":5,"column":0},"end":{"line":5,"column":71}},"5":{"start":{"line":6,"column":0},"end":{"line":6,"column":78}},"6":{"start":{"line":7,"column":0},"end":{"line":7,"column":0}},"7":{"start":{"line":8,"column":0},"end":{"line":8,"column":39}},"8":{"start":{"line":9,"column":0},"end":{"line":9,"column":6}},"9":{"start":{"line":10,"column":0},"end":{"line":10,"column":11}},"10":{"start":{"line":11,"column":0},"end":{"line":11,"column":27}},"11":{"start":{"line":12,"column":0},"end":{"line":12,"column":13}},"12":{"start":{"line":13,"column":0},"end":{"line":13,"column":0}},"13":{"start":{"line":14,"column":0},"end":{"line":14,"column":36}},"14":{"start":{"line":15,"column":0},"end":{"line":15,"column":47}},"15":{"start":{"line":16,"column":0},"end":{"line":16,"column":24}},"16":{"start":{"line":17,"column":0},"end":{"line":17,"column":3}},"17":{"start":{"line":18,"column":0},"end":{"line":18,"column":28}},"18":{"start":{"line":19,"column":0},"end":{"line":19,"column":105}},"19":{"start":{"line":20,"column":0},"end":{"line":20,"column":35}},"20":{"start":{"line":21,"column":0},"end":{"line":21,"column":2}},"21":{"start":{"line":22,"column":0},"end":{"line":22,"column":0}},"22":{"start":{"line":23,"column":0},"end":{"line":23,"column":35}},"23":{"start":{"line":24,"column":0},"end":{"line":24,"column":33}},"24":{"start":{"line":25,"column":0},"end":{"line":25,"column":24}},"25":{"start":{"line":26,"column":0},"end":{"line":26,"column":20}},"26":{"start":{"line":27,"column":0},"end":{"line":27,"column":76}},"27":{"start":{"line":28,"column":0},"end":{"line":28,"column":42}},"28":{"start":{"line":29,"column":0},"end":{"line":29,"column":7}},"29":{"start":{"line":30,"column":0},"end":{"line":30,"column":22}},"30":{"start":{"line":31,"column":0},"end":{"line":31,"column":90}},"31":{"start":{"line":32,"column":0},"end":{"line":32,"column":99}},"32":{"start":{"line":33,"column":0},"end":{"line":33,"column":7}},"33":{"start":{"line":34,"column":0},"end":{"line":34,"column":21}},"34":{"start":{"line":35,"column":0},"end":{"line":35,"column":91}},"35":{"start":{"line":36,"column":0},"end":{"line":36,"column":7}},"36":{"start":{"line":37,"column":0},"end":{"line":37,"column":23}},"37":{"start":{"line":38,"column":0},"end":{"line":38,"column":91}},"38":{"start":{"line":39,"column":0},"end":{"line":39,"column":7}},"39":{"start":{"line":40,"column":0},"end":{"line":40,"column":23}},"40":{"start":{"line":41,"column":0},"end":{"line":41,"column":92}},"41":{"start":{"line":42,"column":0},"end":{"line":42,"column":88}},"42":{"start":{"line":43,"column":0},"end":{"line":43,"column":7}},"43":{"start":{"line":44,"column":0},"end":{"line":44,"column":25}},"44":{"start":{"line":45,"column":0},"end":{"line":45,"column":91}},"45":{"start":{"line":46,"column":0},"end":{"line":46,"column":7}},"46":{"start":{"line":47,"column":0},"end":{"line":47,"column":16}},"47":{"start":{"line":48,"column":0},"end":{"line":48,"column":38}},"48":{"start":{"line":49,"column":0},"end":{"line":49,"column":7}},"49":{"start":{"line":50,"column":0},"end":{"line":50,"column":5}},"50":{"start":{"line":51,"column":0},"end":{"line":51,"column":4}},"51":{"start":{"line":52,"column":0},"end":{"line":52,"column":23}},"52":{"start":{"line":53,"column":0},"end":{"line":53,"column":2}},"53":{"start":{"line":54,"column":0},"end":{"line":54,"column":0}},"54":{"start":{"line":55,"column":0},"end":{"line":55,"column":31}}},"s":{"0":1,"1":1,"2":1,"3":1,"4":1,"5":1,"6":1,"7":1,"8":36,"9":36,"10":36,"11":1,"12":1,"13":1,"14":81,"15":60,"16":60,"17":21,"18":21,"19":21,"20":21,"21":1,"22":1,"23":3,"24":57,"25":57,"26":3,"27":3,"28":3,"29":57,"30":12,"31":12,"32":12,"33":57,"34":15,"35":15,"36":57,"37":6,"38":6,"39":57,"40":12,"41":12,"42":12,"43":57,"44":9,"45":9,"46":57,"47":0,"48":0,"49":57,"50":3,"51":3,"52":3,"53":1,"54":1},"branchMap":{"0":{"type":"branch","line":5,"loc":{"start":{"line":5,"column":23},"end":{"line":5,"column":70}},"locations":[{"start":{"line":5,"column":23},"end":{"line":5,"column":70}}]},"1":{"type":"branch","line":6,"loc":{"start":{"line":6,"column":21},"end":{"line":6,"column":77}},"locations":[{"start":{"line":6,"column":21},"end":{"line":6,"column":77}}]},"2":{"type":"branch","line":8,"loc":{"start":{"line":8,"column":20},"end":{"line":12,"column":12}},"locations":[{"start":{"line":8,"column":20},"end":{"line":12,"column":12}}]},"3":{"type":"branch","line":14,"loc":{"start":{"line":14,"column":18},"end":{"line":21,"column":2}},"locations":[{"start":{"line":14,"column":18},"end":{"line":21,"column":2}}]},"4":{"type":"branch","line":15,"loc":{"start":{"line":15,"column":24},"end":{"line":15,"column":44}},"locations":[{"start":{"line":15,"column":24},"end":{"line":15,"column":44}}]},"5":{"type":"branch","line":15,"loc":{"start":{"line":15,"column":46},"end":{"line":17,"column":3}},"locations":[{"start":{"line":15,"column":46},"end":{"line":17,"column":3}}]},"6":{"type":"branch","line":17,"loc":{"start":{"line":17,"column":2},"end":{"line":21,"column":2}},"locations":[{"start":{"line":17,"column":2},"end":{"line":21,"column":2}}]},"7":{"type":"branch","line":19,"loc":{"start":{"line":19,"column":26},"end":{"line":19,"column":103}},"locations":[{"start":{"line":19,"column":26},"end":{"line":19,"column":103}}]},"8":{"type":"branch","line":23,"loc":{"start":{"line":23,"column":25},"end":{"line":53,"column":2}},"locations":[{"start":{"line":23,"column":25},"end":{"line":53,"column":2}}]},"9":{"type":"branch","line":24,"loc":{"start":{"line":24,"column":15},"end":{"line":51,"column":3}},"locations":[{"start":{"line":24,"column":15},"end":{"line":51,"column":3}}]},"10":{"type":"branch","line":26,"loc":{"start":{"line":26,"column":6},"end":{"line":29,"column":7}},"locations":[{"start":{"line":26,"column":6},"end":{"line":29,"column":7}}]},"11":{"type":"branch","line":30,"loc":{"start":{"line":30,"column":6},"end":{"line":33,"column":7}},"locations":[{"start":{"line":30,"column":6},"end":{"line":33,"column":7}}]},"12":{"type":"branch","line":34,"loc":{"start":{"line":34,"column":6},"end":{"line":36,"column":7}},"locations":[{"start":{"line":34,"column":6},"end":{"line":36,"column":7}}]},"13":{"type":"branch","line":37,"loc":{"start":{"line":37,"column":6},"end":{"line":39,"column":7}},"locations":[{"start":{"line":37,"column":6},"end":{"line":39,"column":7}}]},"14":{"type":"branch","line":40,"loc":{"start":{"line":40,"column":6},"end":{"line":43,"column":7}},"locations":[{"start":{"line":40,"column":6},"end":{"line":43,"column":7}}]},"15":{"type":"branch","line":44,"loc":{"start":{"line":44,"column":6},"end":{"line":46,"column":7}},"locations":[{"start":{"line":44,"column":6},"end":{"line":46,"column":7}}]},"16":{"type":"branch","line":47,"loc":{"start":{"line":47,"column":6},"end":{"line":49,"column":7}},"locations":[{"start":{"line":47,"column":6},"end":{"line":49,"column":7}}]},"17":{"type":"branch","line":27,"loc":{"start":{"line":27,"column":46},"end":{"line":27,"column":74}},"locations":[{"start":{"line":27,"column":46},"end":{"line":27,"column":74}}]},"18":{"type":"branch","line":31,"loc":{"start":{"line":31,"column":56},"end":{"line":31,"column":88}},"locations":[{"start":{"line":31,"column":56},"end":{"line":31,"column":88}}]}},"b":{"0":[93],"1":[36],"2":[36],"3":[81],"4":[21],"5":[60],"6":[21],"7":[27],"8":[3],"9":[57],"10":[3],"11":[12],"12":[15],"13":[6],"14":[12],"15":[9],"16":[0],"17":[12],"18":[42]},"fnMap":{"0":{"name":"currentIndent","decl":{"start":{"line":5,"column":23},"end":{"line":5,"column":70}},"loc":{"start":{"line":5,"column":23},"end":{"line":5,"column":70}},"line":5},"1":{"name":"braceIndent","decl":{"start":{"line":6,"column":21},"end":{"line":6,"column":77}},"loc":{"start":{"line":6,"column":21},"end":{"line":6,"column":77}},"line":6},"2":{"name":"joinStrings","decl":{"start":{"line":8,"column":20},"end":{"line":12,"column":12}},"loc":{"start":{"line":8,"column":20},"end":{"line":12,"column":12}},"line":8},"3":{"name":"stringify","decl":{"start":{"line":14,"column":18},"end":{"line":21,"column":2}},"loc":{"start":{"line":14,"column":18},"end":{"line":21,"column":2}},"line":14},"4":{"name":"makeStylishDiff","decl":{"start":{"line":23,"column":25},"end":{"line":53,"column":2}},"loc":{"start":{"line":23,"column":25},"end":{"line":53,"column":2}},"line":23},"5":{"name":"iter","decl":{"start":{"line":24,"column":15},"end":{"line":51,"column":3}},"loc":{"start":{"line":24,"column":15},"end":{"line":51,"column":3}},"line":24}},"f":{"0":93,"1":36,"2":36,"3":81,"4":3,"5":57}}
}
