TN:
SF:__fixtures__/resultJSON.js
FNF:0
FNH:0
DA:1,1
DA:2,1
DA:3,1
LF:3
LH:3
BRF:0
BRH:0
end_of_record
TN:
SF:__fixtures__/resultPlain.js
FNF:0
FNH:0
DA:1,1
DA:2,1
DA:3,1
DA:4,1
DA:5,1
DA:6,1
DA:7,1
DA:8,1
DA:9,1
DA:10,1
DA:11,1
DA:12,1
DA:13,1
DA:14,1
DA:15,1
LF:15
LH:15
BRF:0
BRH:0
end_of_record
TN:
SF:__fixtures__/resultStylish.js
FNF:0
FNH:0
DA:1,1
DA:2,1
DA:3,1
DA:4,1
DA:5,1
DA:6,1
DA:7,1
DA:8,1
DA:9,1
DA:10,1
DA:11,1
DA:12,1
DA:13,1
DA:14,1
DA:15,1
DA:16,1
DA:17,1
DA:18,1
DA:19,1
DA:20,1
DA:21,1
DA:22,1
DA:23,1
DA:24,1
DA:25,1
DA:26,1
DA:27,1
DA:28,1
DA:29,1
DA:30,1
DA:31,1
DA:32,1
DA:33,1
DA:34,1
DA:35,1
DA:36,1
DA:37,1
DA:38,1
DA:39,1
DA:40,1
DA:41,1
DA:42,1
DA:43,1
DA:44,1
DA:45,1
DA:46,1
DA:47,1
DA:48,1
LF:48
LH:48
BRF:0
BRH:0
end_of_record
TN:
SF:src/buildAST.js
FN:3,buildAST
FN:47,getDifferenceTree
FNF:2
FNH:2
FNDA:45,buildAST
FNDA:9,getDifferenceTree
DA:1,1
DA:2,1
DA:3,1
DA:4,45
DA:5,45
DA:6,45
DA:7,45
DA:8,45
DA:9,162
DA:10,45
DA:11,45
DA:12,45
DA:13,45
DA:14,45
DA:15,45
DA:16,162
DA:17,18
DA:18,18
DA:19,18
DA:20,18
DA:21,18
DA:22,18
DA:23,162
DA:24,36
DA:25,36
DA:26,36
DA:27,36
DA:28,36
DA:29,36
DA:30,162
DA:31,27
DA:32,27
DA:33,27
DA:34,27
DA:35,27
DA:36,27
DA:37,36
DA:38,36
DA:39,36
DA:40,36
DA:41,36
DA:42,36
DA:43,45
DA:44,45
DA:45,45
DA:46,1
DA:47,1
DA:48,9
DA:49,9
DA:50,1
DA:51,1
DA:52,1
LF:52
LH:52
BRDA:3,0,0,45
BRDA:8,1,0,162
BRDA:9,2,0,45
BRDA:15,3,0,117
BRDA:16,4,0,18
BRDA:22,5,0,99
BRDA:23,6,0,45
BRDA:23,7,0,36
BRDA:29,8,0,63
BRDA:30,9,0,27
BRDA:36,10,0,36
BRDA:47,11,0,9
BRF:12
BRH:12
end_of_record
TN:
SF:src/index.js
FN:6,resolvePath
FN:11,showDiff
FNF:2
FNH:2
FNDA:18,resolvePath
FNDA:9,showDiff
DA:1,1
DA:2,1
DA:3,1
DA:4,1
DA:5,1
DA:6,1
DA:7,18
DA:8,0
DA:9,1
DA:10,1
DA:11,1
DA:12,9
DA:13,9
DA:14,9
DA:15,9
DA:16,9
DA:17,9
DA:18,9
DA:19,9
DA:20,9
LF:20
LH:19
BRDA:6,0,0,18
BRDA:8,1,0,0
BRDA:11,2,0,9
BRF:3
BRH:2
end_of_record
TN:
SF:src/parsers.js
FN:5,getExtension
FN:6,getName
FN:7,parser
FNF:3
FNH:3
FNDA:18,getExtension
FNDA:18,getName
FNDA:18,parser
DA:1,1
DA:2,1
DA:3,1
DA:4,1
DA:5,1
DA:6,1
DA:7,1
DA:8,18
DA:9,18
DA:10,18
DA:11,12
DA:12,18
DA:13,18
DA:14,1
DA:15,1
LF:15
LH:15
BRDA:5,0,0,18
BRDA:6,1,0,18
BRDA:7,2,0,18
BRDA:11,3,0,12
BRDA:12,4,0,6
BRF:5
BRH:5
end_of_record
TN:
SF:src/formatters/index.js
FN:4,formatter
FNF:1
FNH:1
FNDA:9,formatter
DA:1,1
DA:2,1
DA:3,1
DA:4,1
DA:5,9
DA:6,9
DA:7,3
DA:8,9
DA:9,3
DA:10,9
DA:11,3
DA:12,9
DA:13,0
DA:14,9
DA:15,9
LF:15
LH:14
BRDA:4,0,0,9
BRDA:6,1,0,3
BRDA:8,2,0,3
BRDA:10,3,0,3
BRDA:12,4,0,0
BRF:5
BRH:4
end_of_record
TN:
SF:src/formatters/plain.js
FN:3,getPath
FN:5,checkVal
FN:19,makePlainDiff
FN:20,iter
FN:46,makePlain
FNF:5
FNH:5
FNDA:54,getPath
FNDA:39,checkVal
FNDA:3,makePlainDiff
FNDA:15,iter
FNDA:3,makePlain
DA:1,1
DA:2,1
DA:3,1
DA:4,1
DA:5,1
DA:6,39
DA:7,39
DA:8,12
DA:9,12
DA:10,39
DA:11,21
DA:12,21
DA:13,39
DA:14,6
DA:15,6
DA:16,39
DA:17,39
DA:18,1
DA:19,1
DA:20,3
DA:21,54
DA:22,54
DA:23,54
DA:24,12
DA:25,12
DA:26,54
DA:27,15
DA:28,15
DA:29,54
DA:30,6
DA:31,6
DA:32,54
DA:33,12
DA:34,12
DA:35,54
DA:36,9
DA:37,9
DA:38,54
DA:39,0
DA:40,0
DA:41,54
DA:42,3
DA:43,3
DA:44,3
DA:45,1
DA:46,1
DA:47,3
DA:48,3
DA:49,3
DA:50,3
DA:51,3
LF:51
LH:49
BRDA:3,0,0,54
BRDA:5,1,0,39
BRDA:7,2,0,12
BRDA:8,3,0,3
BRDA:8,4,0,9
BRDA:10,5,0,21
BRDA:13,6,0,6
BRDA:19,7,0,3
BRDA:20,8,0,15
BRDA:20,9,0,54
BRDA:23,10,0,12
BRDA:26,11,0,15
BRDA:29,12,0,6
BRDA:32,13,0,12
BRDA:35,14,0,9
BRDA:38,15,0,0
BRDA:46,16,0,3
BRDA:49,17,0,42
BRF:18
BRH:17
end_of_record
TN:
SF:src/formatters/stylish.js
FN:5,currentIndent
FN:6,braceIndent
FN:8,joinStrings
FN:14,stringify
FN:23,makeStylishDiff
FN:24,iter
FNF:6
FNH:6
FNDA:93,currentIndent
FNDA:36,braceIndent
FNDA:36,joinStrings
FNDA:81,stringify
FNDA:3,makeStylishDiff
FNDA:57,iter
DA:1,1
DA:2,1
DA:3,1
DA:4,1
DA:5,1
DA:6,1
DA:7,1
DA:8,1
DA:9,36
DA:10,36
DA:11,36
DA:12,1
DA:13,1
DA:14,1
DA:15,81
DA:16,60
DA:17,60
DA:18,21
DA:19,21
DA:20,21
DA:21,21
DA:22,1
DA:23,1
DA:24,3
DA:25,57
DA:26,57
DA:27,3
DA:28,3
DA:29,3
DA:30,57
DA:31,12
DA:32,12
DA:33,12
DA:34,57
DA:35,15
DA:36,15
DA:37,57
DA:38,6
DA:39,6
DA:40,57
DA:41,12
DA:42,12
DA:43,12
DA:44,57
DA:45,9
DA:46,9
DA:47,57
DA:48,0
DA:49,0
DA:50,57
DA:51,3
DA:52,3
DA:53,3
DA:54,1
DA:55,1
LF:55
LH:53
BRDA:5,0,0,93
BRDA:6,1,0,36
BRDA:8,2,0,36
BRDA:14,3,0,81
BRDA:15,4,0,21
BRDA:15,5,0,60
BRDA:17,6,0,21
BRDA:19,7,0,27
BRDA:23,8,0,3
BRDA:24,9,0,57
BRDA:26,10,0,3
BRDA:30,11,0,12
BRDA:34,12,0,15
BRDA:37,13,0,6
BRDA:40,14,0,12
BRDA:44,15,0,9
BRDA:47,16,0,0
BRDA:27,17,0,12
BRDA:31,18,0,42
BRF:19
BRH:18
end_of_record
